<?xml version="1.0" encoding="UTF-8"?>
<testsuites name="Go1Explore" time="37.825" tests="2" failures="0" errors="0">
   <testsuite name="Go1Explore" tests="2" failures="0" errors="0" time="37.825" skipped="0" timestamp="2023-05-20 21:08:59" hostname="rgagpaoa - DESKTOP-7E4PUDT" id="Test Suites/Go1Explore">
      <properties>
         <property name="deviceName" value=""/>
         <property name="devicePlatform" value=""/>
         <property name="logFolder" value="C:\\Users\\rgagpaoa\\Katalon Studio\\Go1Testing\\Reports\\20230520_210852\\Go1Explore\\20230520_210852"/>
         <property name="logFiles" value="C:\\Users\\rgagpaoa\\Katalon Studio\\Go1Testing\\Reports\\20230520_210852\\Go1Explore\\20230520_210852\\execution0.log"/>
         <property name="attachments" value=""/>
         <property name="hostName" value="rgagpaoa - DESKTOP-7E4PUDT"/>
         <property name="os" value="Windows 10 64bit"/>
         <property name="katalonVersion" value="8.6.0.208"/>
         <property name="browser" value="Edge Chromium 113"/>
         <property name="hostAddress" value="192.168.100.253"/>
         <property name="sessionId" value="6b09901ed095765b0b3a183835a93b9f"/>
         <property name="seleniumVersion" value="3.141.59"/>
         <property name="proxyInformation" value="ProxyInformation { proxyOption=NO_PROXY, proxyServerType=HTTP, username=, password=********, proxyServerAddress=, proxyServerPort=0, executionList=&quot;&quot;, isApplyToDesiredCapabilities=true }"/>
         <property name="platform" value="Windows 10"/>
      </properties>
      <testcase name="Test Cases/Login" time="31.606" classname="Test Cases/Login" status="PASSED">
         <system-out><![CDATA[2023-05-20 21:08:59 - [TEST_CASE][PASSED] - Test Cases/Login: Test Cases/Login

2023-05-20 21:09:00 - [TEST_STEP][PASSED] - openBrowser(""): Browser is opened with url: ''

2023-05-20 21:09:00 - [MESSAGE][INFO] - Starting 'Edge Chromium' driver

2023-05-20 21:09:01 - [MESSAGE][INFO] - Action delay is set to 0 milliseconds

2023-05-20 21:09:02 - [MESSAGE][PASSED] - Browser is opened with url: ''

2023-05-20 21:09:02 - [TEST_STEP][PASSED] - maximizeWindow(): Current window maximized

2023-05-20 21:09:02 - [MESSAGE][PASSED] - Current window maximized

2023-05-20 21:09:02 - [TEST_STEP][PASSED] - navigateToUrl("https://clouddevelopmentresources.mygo1.com/login?redirect_url"): Navigate to 'https://clouddevelopmentresources.mygo1.com/login?redirect_url' successfully

2023-05-20 21:09:04 - [MESSAGE][PASSED] - Navigate to 'https://clouddevelopmentresources.mygo1.com/login?redirect_url' successfully

2023-05-20 21:09:04 - [TEST_STEP][PASSED] - click(findTestObject("Object Repository/Go1Changes/Page_Log in/span_Email")): Object: 'Object Repository/Go1Changes/Page_Log in/span_Email' is clicked on

2023-05-20 21:09:07 - [MESSAGE][PASSED] - Object: 'Object Repository/Go1Changes/Page_Log in/span_Email' is clicked on

2023-05-20 21:09:07 - [TEST_STEP][PASSED] - setText(findTestObject("Object Repository/Go1Changes/Page_Log in/input_Log in with your email_email"), "rodel.agpaoa@emids.com"): Text 'rodel.agpaoa@emids.com' is set on object 'Object Repository/Go1Changes/Page_Log in/input_Log in with your email_email'

2023-05-20 21:09:10 - [MESSAGE][PASSED] - Text 'rodel.agpaoa@emids.com' is set on object 'Object Repository/Go1Changes/Page_Log in/input_Log in with your email_email'

2023-05-20 21:09:10 - [TEST_STEP][PASSED] - setEncryptedText(findTestObject("Object Repository/Go1Changes/Page_Log in/input_Email_password"), "jxqMmeXTJsPBYkL9vIO9Rw=="): Text ****** has been set on object 'Object Repository/Go1Changes/Page_Log in/input_Email_password'

2023-05-20 21:09:10 - [MESSAGE][PASSED] - Text ****** has been set on object 'Object Repository/Go1Changes/Page_Log in/input_Email_password'

2023-05-20 21:09:10 - [TEST_STEP][PASSED] - click(findTestObject("Object Repository/Go1Changes/Page_Log in/button_Log in")): Object: 'Object Repository/Go1Changes/Page_Log in/button_Log in' is clicked on

2023-05-20 21:09:11 - [MESSAGE][PASSED] - Object: 'Object Repository/Go1Changes/Page_Log in/button_Log in' is clicked on

2023-05-20 21:09:11 - [TEST_STEP][PASSED] - waitForElementVisible(findTestObject("Object Repository/Go1Changes/Page_Dashboard  Cloud Development Resources/img_Groups_css-1ve3oum"), 0): Object 'Object Repository/Go1Changes/Page_Dashboard  Cloud Development Resources/img_Groups_css-1ve3oum' is visible

2023-05-20 21:09:11 - [MESSAGE][WARNING] - Timeout '0' is invalid. Using default page load timeout: '30'

2023-05-20 21:09:31 - [MESSAGE][PASSED] - Object 'Object Repository/Go1Changes/Page_Dashboard  Cloud Development Resources/img_Groups_css-1ve3oum' is visible

2023-05-20 21:09:31 - [TEST_STEP][PASSED] - verifyElementVisible(findTestObject("Object Repository/Go1Changes/Page_Dashboard  Cloud Development Resources/img_Groups_css-1ve3oum"), STOP_ON_FAILURE): Object 'Object Repository/Go1Changes/Page_Dashboard  Cloud Development Resources/img_Groups_css-1ve3oum' is visible

2023-05-20 21:09:31 - [MESSAGE][PASSED] - Object 'Object Repository/Go1Changes/Page_Dashboard  Cloud Development Resources/img_Groups_css-1ve3oum' is visible]]></system-out>
         <system-err><![CDATA[]]></system-err>
      </testcase>
      <testcase name="Test Cases/Explore" time="5.957" classname="Test Cases/Explore" status="PASSED">
         <system-out><![CDATA[2023-05-20 21:09:31 - [TEST_CASE][PASSED] - Test Cases/Explore: Test Cases/Explore

2023-05-20 21:09:31 - [TEST_STEP][PASSED] - waitForElementVisible(findTestObject("Object Repository/Go1Changes/Page_Dashboard  Cloud Development Resources/span_Explore"), 0): Object 'Object Repository/Go1Changes/Page_Dashboard  Cloud Development Resources/span_Explore' is visible

2023-05-20 21:09:31 - [MESSAGE][WARNING] - Timeout '0' is invalid. Using default page load timeout: '30'

2023-05-20 21:09:32 - [MESSAGE][PASSED] - Object 'Object Repository/Go1Changes/Page_Dashboard  Cloud Development Resources/span_Explore' is visible

2023-05-20 21:09:32 - [TEST_STEP][PASSED] - verifyElementVisible(findTestObject("Object Repository/Go1Changes/Page_Dashboard  Cloud Development Resources/span_Explore")): Object 'Object Repository/Go1Changes/Page_Dashboard  Cloud Development Resources/span_Explore' is visible

2023-05-20 21:09:32 - [MESSAGE][PASSED] - Object 'Object Repository/Go1Changes/Page_Dashboard  Cloud Development Resources/span_Explore' is visible

2023-05-20 21:09:32 - [TEST_STEP][PASSED] - click(findTestObject("Object Repository/Go1Changes/Page_Dashboard  Cloud Development Resources/span_Explore")): Object: 'Object Repository/Go1Changes/Page_Dashboard  Cloud Development Resources/span_Explore' is clicked on

2023-05-20 21:09:35 - [MESSAGE][PASSED] - Object: 'Object Repository/Go1Changes/Page_Dashboard  Cloud Development Resources/span_Explore' is clicked on

2023-05-20 21:09:35 - [TEST_STEP][PASSED] - waitForElementVisible(findTestObject("Object Repository/Go1Changes/Page_Explore/span_Personal Development"), 0): Object 'Object Repository/Go1Changes/Page_Explore/span_Personal Development' is visible

2023-05-20 21:09:35 - [MESSAGE][WARNING] - Timeout '0' is invalid. Using default page load timeout: '30'

2023-05-20 21:09:37 - [MESSAGE][PASSED] - Object 'Object Repository/Go1Changes/Page_Explore/span_Personal Development' is visible

2023-05-20 21:09:37 - [TEST_STEP][PASSED] - verifyElementVisible(findTestObject("Object Repository/Go1Changes/Page_Explore/span_Personal Development")): Object 'Object Repository/Go1Changes/Page_Explore/span_Personal Development' is visible

2023-05-20 21:09:37 - [MESSAGE][PASSED] - Object 'Object Repository/Go1Changes/Page_Explore/span_Personal Development' is visible]]></system-out>
         <system-err><![CDATA[]]></system-err>
      </testcase>
      <system-out><![CDATA[2023-05-20 21:08:59 - [TEST_SUITE][PASSED] - Go1Explore: Test Cases/Explore]]></system-out>
      <system-err><![CDATA[]]></system-err>
   </testsuite>
</testsuites>
